0 info it worked if it ends with ok
1 verbose cli [ '/usr/local/bin/node', '/usr/local/bin/npm', 'start' ]
2 info using npm@3.10.10
3 info using node@v6.10.1
4 verbose run-script [ 'prestart', 'start', 'poststart' ]
5 info lifecycle hayate@0.0.5~prestart: hayate@0.0.5
6 silly lifecycle hayate@0.0.5~prestart: no script for prestart, continuing
7 info lifecycle hayate@0.0.5~start: hayate@0.0.5
8 verbose lifecycle hayate@0.0.5~start: unsafe-perm in lifecycle true
9 verbose lifecycle hayate@0.0.5~start: PATH: /usr/local/lib/node_modules/npm/bin/node-gyp-bin:/home/zx/zx/zxsite/node_modules/.bin:/usr/local/sbin:/usr/local/bin:/usr/sbin:/usr/bin:/sbin:/bin:/usr/games:/usr/local/games
10 verbose lifecycle hayate@0.0.5~start: CWD: /home/zx/zx/zxsite
11 silly lifecycle hayate@0.0.5~start: Args: [ '-c', 'node ./bin/www' ]
12 silly lifecycle hayate@0.0.5~start: Returned: code: 1  signal: null
13 info lifecycle hayate@0.0.5~start: Failed to exec start script
14 verbose stack Error: hayate@0.0.5 start: `node ./bin/www`
14 verbose stack Exit status 1
14 verbose stack     at EventEmitter.<anonymous> (/usr/local/lib/node_modules/npm/lib/utils/lifecycle.js:255:16)
14 verbose stack     at emitTwo (events.js:106:13)
14 verbose stack     at EventEmitter.emit (events.js:191:7)
14 verbose stack     at ChildProcess.<anonymous> (/usr/local/lib/node_modules/npm/lib/utils/spawn.js:40:14)
14 verbose stack     at emitTwo (events.js:106:13)
14 verbose stack     at ChildProcess.emit (events.js:191:7)
14 verbose stack     at maybeClose (internal/child_process.js:886:16)
14 verbose stack     at Process.ChildProcess._handle.onexit (internal/child_process.js:226:5)
15 verbose pkgid hayate@0.0.5
16 verbose cwd /home/zx/zx/zxsite
17 error Linux 4.4.0-36-generic
18 error argv "/usr/local/bin/node" "/usr/local/bin/npm" "start"
19 error node v6.10.1
20 error npm  v3.10.10
21 error code ELIFECYCLE
22 error hayate@0.0.5 start: `node ./bin/www`
22 error Exit status 1
23 error Failed at the hayate@0.0.5 start script 'node ./bin/www'.
23 error Make sure you have the latest version of node.js and npm installed.
23 error If you do, this is most likely a problem with the hayate package,
23 error not with npm itself.
23 error Tell the author that this fails on your system:
23 error     node ./bin/www
23 error You can get information on how to open an issue for this project with:
23 error     npm bugs hayate
23 error Or if that isn't available, you can get their info via:
23 error     npm owner ls hayate
23 error There is likely additional logging output above.
24 verbose exit [ 1, true ]
